COMMAND: CHECKING ANDROID VERSION ; PARAMETERS[adb, shell, getprop, ro.build.version.release]
COMMAND: INSTALLING APK ; PARAMETERS[adb, install, -r, ./apk/com.evancharlton.mileage_3110.apk]
ERROR INSTALL APPCOMMAND:INSTALL APP; PARAMETERS./apk/com.evancharlton.mileage_3110.apk
COMMAND: GETTING PACKAGE NAME ; PARAMETERS[/Users/juniorportom/Library/Android/sdk/build-tools/28.0.3/aapt, dump, badging, ./apk/com.evancharlton.mileage_3110.apk]
COMMAND: GETTING MAIN ACTIVITY ; PARAMETERS[/Users/juniorportom/Library/Android/sdk/build-tools/28.0.3/aapt, dump, badging, ./apk/com.evancharlton.mileage_3110.apk]
COMMAND: START ACTIVITY ; PARAMETERS[adb, shell, am, start, -n, com.evancharlton.mileage/com.evancharlton.mileage.Mileage]
COMMAND: TAKE XML SNAPSHOT ; PARAMETERS[adb, shell, uiautomator, dump]
COMMAND: READ XML SNAPSHOT ; PARAMETERS[adb, shell, cat, /sdcard/window_dump.xml]
COMMAND: GETTING CURRENT FOCUS ; PARAMETERS[adb, shell, dumpsys, window, |, grep, -E, 'mCurrentFocus']
COMMAND: TAKE SCREENSHOT ; PARAMETERS[adb, shell, screencap, /sdcard/1.png]
COMMAND: PULL FILE ; PARAMETERS[adb, pull, /sdcard/1.png, ./output//1.png]
COMMAND: TAKE XML SNAPSHOT ; PARAMETERS[adb, shell, uiautomator, dump]
COMMAND: PULL FILE ; PARAMETERS[adb, pull, /sdcard/window_dump.xml, ./output//1.xml]
COMMAND: SHOW BATTERY LEVEL ; PARAMETERS[adb, shell, dumpsys, battery, |, grep, level]
COMMAND: CHEKING IF WIFI IS ENABLED ; PARAMETERS[adb, shell, dumpsys, wifi, |, grep, 'Wi-Fi is']
COMMAND: SHOW CPU USAGE ; PARAMETERS[adb, shell, dumpsys, cpuinfo, |, grep, com.evancharlton.mileage]
COMMAND: SHOW MEMORY USAGE ; PARAMETERS[adb, shell, dumpsys, meminfo, |, grep, com.evancharlton.mileage]
COMMAND: CHEKING IF AIRPLANE MODE IS ON ; PARAMETERS[adb, shell, dumpsys, wifi, |, grep, 'mAirplaneModeOn']
COMMAND: TAP ; PARAMETERS[adb, shell, input, tap, 540, 1704]
COMMAND: TAKE XML SNAPSHOT ; PARAMETERS[adb, shell, uiautomator, dump]
COMMAND: READ XML SNAPSHOT ; PARAMETERS[adb, shell, cat, /sdcard/window_dump.xml]
COMMAND: TAKE XML SNAPSHOT ; PARAMETERS[adb, shell, uiautomator, dump]
COMMAND: READ XML SNAPSHOT ; PARAMETERS[adb, shell, cat, /sdcard/window_dump.xml]
COMMAND: GETTING CURRENT FOCUS ; PARAMETERS[adb, shell, dumpsys, window, |, grep, -E, 'mCurrentFocus']
COMMAND: TAKE SCREENSHOT ; PARAMETERS[adb, shell, screencap, /sdcard/2.png]
COMMAND: PULL FILE ; PARAMETERS[adb, pull, /sdcard/2.png, ./output//2.png]
COMMAND: TAKE XML SNAPSHOT ; PARAMETERS[adb, shell, uiautomator, dump]
COMMAND: PULL FILE ; PARAMETERS[adb, pull, /sdcard/window_dump.xml, ./output//2.xml]
COMMAND: SHOW BATTERY LEVEL ; PARAMETERS[adb, shell, dumpsys, battery, |, grep, level]
COMMAND: CHEKING IF WIFI IS ENABLED ; PARAMETERS[adb, shell, dumpsys, wifi, |, grep, 'Wi-Fi is']
COMMAND: SHOW CPU USAGE ; PARAMETERS[adb, shell, dumpsys, cpuinfo, |, grep, com.evancharlton.mileage]
COMMAND: SHOW MEMORY USAGE ; PARAMETERS[adb, shell, dumpsys, meminfo, |, grep, com.evancharlton.mileage]
COMMAND: CHEKING IF AIRPLANE MODE IS ON ; PARAMETERS[adb, shell, dumpsys, wifi, |, grep, 'mAirplaneModeOn']
COMMAND: TAP ; PARAMETERS[adb, shell, input, tap, 540, 1704]
COMMAND: TAKE XML SNAPSHOT ; PARAMETERS[adb, shell, uiautomator, dump]
COMMAND: READ XML SNAPSHOT ; PARAMETERS[adb, shell, cat, /sdcard/window_dump.xml]
COMMAND: TAP ; PARAMETERS[adb, shell, input, tap, 540, 928]
COMMAND: CHEKING IF KEYBOARD IS SHOWN ; PARAMETERS[adb, shell, dumpsys, input_method, |, grep, -A1, 'mCurrentTextBoxAttribute']
COMMAND: INPUT TEXT ; PARAMETERS[adb, shell, input, text, Itr]
COMMAND: GO BACK ; PARAMETERS[adb, shell, input, keyevent, 4]
COMMAND: TAKE XML SNAPSHOT ; PARAMETERS[adb, shell, uiautomator, dump]
COMMAND: READ XML SNAPSHOT ; PARAMETERS[adb, shell, cat, /sdcard/window_dump.xml]
COMMAND: CHEKING DEVICE DIMENSIONS ; PARAMETERS[adb, shell, wm, size]
COMMAND: TAKE XML SNAPSHOT ; PARAMETERS[adb, shell, uiautomator, dump]
COMMAND: READ XML SNAPSHOT ; PARAMETERS[adb, shell, cat, /sdcard/window_dump.xml]
COMMAND: GETTING CURRENT FOCUS ; PARAMETERS[adb, shell, dumpsys, window, |, grep, -E, 'mCurrentFocus']
COMMAND: TAKE SCREENSHOT ; PARAMETERS[adb, shell, screencap, /sdcard/3.png]
COMMAND: PULL FILE ; PARAMETERS[adb, pull, /sdcard/3.png, ./output//3.png]
COMMAND: TAKE XML SNAPSHOT ; PARAMETERS[adb, shell, uiautomator, dump]
COMMAND: PULL FILE ; PARAMETERS[adb, pull, /sdcard/window_dump.xml, ./output//3.xml]
COMMAND: GETTING CURRENT FOCUS ; PARAMETERS[adb, shell, dumpsys, window, |, grep, -E, 'mCurrentFocus']
COMMAND: TAP ; PARAMETERS[adb, shell, input, tap, 540, 928]
COMMAND: CHEKING IF KEYBOARD IS SHOWN ; PARAMETERS[adb, shell, dumpsys, input_method, |, grep, -A1, 'mCurrentTextBoxAttribute']
COMMAND: INPUT TEXT ; PARAMETERS[adb, shell, input, text, Gjj]
COMMAND: GO BACK ; PARAMETERS[adb, shell, input, keyevent, 4]
COMMAND: TAKE XML SNAPSHOT ; PARAMETERS[adb, shell, uiautomator, dump]
COMMAND: READ XML SNAPSHOT ; PARAMETERS[adb, shell, cat, /sdcard/window_dump.xml]
COMMAND: CHEKING DEVICE DIMENSIONS ; PARAMETERS[adb, shell, wm, size]
COMMAND: TAKE XML SNAPSHOT ; PARAMETERS[adb, shell, uiautomator, dump]
COMMAND: READ XML SNAPSHOT ; PARAMETERS[adb, shell, cat, /sdcard/window_dump.xml]
COMMAND: GETTING CURRENT FOCUS ; PARAMETERS[adb, shell, dumpsys, window, |, grep, -E, 'mCurrentFocus']
COMMAND: TAKE SCREENSHOT ; PARAMETERS[adb, shell, screencap, /sdcard/3.png]
COMMAND: PULL FILE ; PARAMETERS[adb, pull, /sdcard/3.png, ./output//3.png]
COMMAND: TAKE XML SNAPSHOT ; PARAMETERS[adb, shell, uiautomator, dump]
COMMAND: PULL FILE ; PARAMETERS[adb, pull, /sdcard/window_dump.xml, ./output//3.xml]
COMMAND: GETTING CURRENT FOCUS ; PARAMETERS[adb, shell, dumpsys, window, |, grep, -E, 'mCurrentFocus']
COMMAND: TAP ; PARAMETERS[adb, shell, input, tap, 540, 710]
COMMAND: TAKE XML SNAPSHOT ; PARAMETERS[adb, shell, uiautomator, dump]
COMMAND: READ XML SNAPSHOT ; PARAMETERS[adb, shell, cat, /sdcard/window_dump.xml]
COMMAND: TAKE XML SNAPSHOT ; PARAMETERS[adb, shell, uiautomator, dump]
COMMAND: READ XML SNAPSHOT ; PARAMETERS[adb, shell, cat, /sdcard/window_dump.xml]
COMMAND: GETTING CURRENT FOCUS ; PARAMETERS[adb, shell, dumpsys, window, |, grep, -E, 'mCurrentFocus']
COMMAND: TAKE SCREENSHOT ; PARAMETERS[adb, shell, screencap, /sdcard/3.png]
COMMAND: PULL FILE ; PARAMETERS[adb, pull, /sdcard/3.png, ./output//3.png]
COMMAND: TAKE XML SNAPSHOT ; PARAMETERS[adb, shell, uiautomator, dump]
COMMAND: PULL FILE ; PARAMETERS[adb, pull, /sdcard/window_dump.xml, ./output//3.xml]
COMMAND: GETTING CURRENT FOCUS ; PARAMETERS[adb, shell, dumpsys, window, |, grep, -E, 'mCurrentFocus']
COMMAND: TAP ; PARAMETERS[adb, shell, input, tap, 810, 568]
COMMAND: TAKE XML SNAPSHOT ; PARAMETERS[adb, shell, uiautomator, dump]
COMMAND: READ XML SNAPSHOT ; PARAMETERS[adb, shell, cat, /sdcard/window_dump.xml]
COMMAND: TAKE XML SNAPSHOT ; PARAMETERS[adb, shell, uiautomator, dump]
COMMAND: READ XML SNAPSHOT ; PARAMETERS[adb, shell, cat, /sdcard/window_dump.xml]
COMMAND: GETTING CURRENT FOCUS ; PARAMETERS[adb, shell, dumpsys, window, |, grep, -E, 'mCurrentFocus']
COMMAND: TAKE SCREENSHOT ; PARAMETERS[adb, shell, screencap, /sdcard/3.png]
COMMAND: PULL FILE ; PARAMETERS[adb, pull, /sdcard/3.png, ./output//3.png]
COMMAND: TAKE XML SNAPSHOT ; PARAMETERS[adb, shell, uiautomator, dump]
COMMAND: PULL FILE ; PARAMETERS[adb, pull, /sdcard/window_dump.xml, ./output//3.xml]
COMMAND: SHOW BATTERY LEVEL ; PARAMETERS[adb, shell, dumpsys, battery, |, grep, level]
COMMAND: CHEKING IF WIFI IS ENABLED ; PARAMETERS[adb, shell, dumpsys, wifi, |, grep, 'Wi-Fi is']
COMMAND: SHOW CPU USAGE ; PARAMETERS[adb, shell, dumpsys, cpuinfo, |, grep, com.evancharlton.mileage]
COMMAND: SHOW MEMORY USAGE ; PARAMETERS[adb, shell, dumpsys, meminfo, |, grep, com.evancharlton.mileage]
COMMAND: CHEKING IF AIRPLANE MODE IS ON ; PARAMETERS[adb, shell, dumpsys, wifi, |, grep, 'mAirplaneModeOn']
COMMAND: TAP ; PARAMETERS[adb, shell, input, tap, 780, 1145]
COMMAND: TAKE XML SNAPSHOT ; PARAMETERS[adb, shell, uiautomator, dump]
COMMAND: READ XML SNAPSHOT ; PARAMETERS[adb, shell, cat, /sdcard/window_dump.xml]
COMMAND: TAKE XML SNAPSHOT ; PARAMETERS[adb, shell, uiautomator, dump]
COMMAND: READ XML SNAPSHOT ; PARAMETERS[adb, shell, cat, /sdcard/window_dump.xml]
COMMAND: GETTING CURRENT FOCUS ; PARAMETERS[adb, shell, dumpsys, window, |, grep, -E, 'mCurrentFocus']
COMMAND: TAKE SCREENSHOT ; PARAMETERS[adb, shell, screencap, /sdcard/4.png]
COMMAND: PULL FILE ; PARAMETERS[adb, pull, /sdcard/4.png, ./output//4.png]
COMMAND: TAKE XML SNAPSHOT ; PARAMETERS[adb, shell, uiautomator, dump]
COMMAND: PULL FILE ; PARAMETERS[adb, pull, /sdcard/window_dump.xml, ./output//4.xml]
COMMAND: GETTING CURRENT FOCUS ; PARAMETERS[adb, shell, dumpsys, window, |, grep, -E, 'mCurrentFocus']
COMMAND: TAP ; PARAMETERS[adb, shell, input, tap, 270, 566]
COMMAND: CHEKING IF KEYBOARD IS SHOWN ; PARAMETERS[adb, shell, dumpsys, input_method, |, grep, -A1, 'mCurrentTextBoxAttribute']
COMMAND: INPUT TEXT ; PARAMETERS[adb, shell, input, text, 74]
COMMAND: GO BACK ; PARAMETERS[adb, shell, input, keyevent, 4]
COMMAND: TAKE XML SNAPSHOT ; PARAMETERS[adb, shell, uiautomator, dump]
COMMAND: READ XML SNAPSHOT ; PARAMETERS[adb, shell, cat, /sdcard/window_dump.xml]
COMMAND: CHEKING DEVICE DIMENSIONS ; PARAMETERS[adb, shell, wm, size]
COMMAND: TAKE XML SNAPSHOT ; PARAMETERS[adb, shell, uiautomator, dump]
COMMAND: READ XML SNAPSHOT ; PARAMETERS[adb, shell, cat, /sdcard/window_dump.xml]
COMMAND: GETTING CURRENT FOCUS ; PARAMETERS[adb, shell, dumpsys, window, |, grep, -E, 'mCurrentFocus']
COMMAND: TAKE SCREENSHOT ; PARAMETERS[adb, shell, screencap, /sdcard/4.png]
COMMAND: PULL FILE ; PARAMETERS[adb, pull, /sdcard/4.png, ./output//4.png]
COMMAND: TAKE XML SNAPSHOT ; PARAMETERS[adb, shell, uiautomator, dump]
COMMAND: PULL FILE ; PARAMETERS[adb, pull, /sdcard/window_dump.xml, ./output//4.xml]
COMMAND: SHOW BATTERY LEVEL ; PARAMETERS[adb, shell, dumpsys, battery, |, grep, level]
COMMAND: CHEKING IF WIFI IS ENABLED ; PARAMETERS[adb, shell, dumpsys, wifi, |, grep, 'Wi-Fi is']
COMMAND: SHOW CPU USAGE ; PARAMETERS[adb, shell, dumpsys, cpuinfo, |, grep, com.evancharlton.mileage]
COMMAND: SHOW MEMORY USAGE ; PARAMETERS[adb, shell, dumpsys, meminfo, |, grep, com.evancharlton.mileage]
COMMAND: CHEKING IF AIRPLANE MODE IS ON ; PARAMETERS[adb, shell, dumpsys, wifi, |, grep, 'mAirplaneModeOn']
COMMAND: TAP ; PARAMETERS[adb, shell, input, tap, 540, 1704]
COMMAND: TAKE XML SNAPSHOT ; PARAMETERS[adb, shell, uiautomator, dump]
COMMAND: READ XML SNAPSHOT ; PARAMETERS[adb, shell, cat, /sdcard/window_dump.xml]
COMMAND: TAKE XML SNAPSHOT ; PARAMETERS[adb, shell, uiautomator, dump]
COMMAND: READ XML SNAPSHOT ; PARAMETERS[adb, shell, cat, /sdcard/window_dump.xml]
COMMAND: GETTING CURRENT FOCUS ; PARAMETERS[adb, shell, dumpsys, window, |, grep, -E, 'mCurrentFocus']
COMMAND: TAKE SCREENSHOT ; PARAMETERS[adb, shell, screencap, /sdcard/5.png]
COMMAND: PULL FILE ; PARAMETERS[adb, pull, /sdcard/5.png, ./output//5.png]
COMMAND: TAKE XML SNAPSHOT ; PARAMETERS[adb, shell, uiautomator, dump]
COMMAND: PULL FILE ; PARAMETERS[adb, pull, /sdcard/window_dump.xml, ./output//5.xml]
COMMAND: GETTING CURRENT FOCUS ; PARAMETERS[adb, shell, dumpsys, window, |, grep, -E, 'mCurrentFocus']
COMMAND: TAP ; PARAMETERS[adb, shell, input, tap, 540, 710]
COMMAND: TAKE XML SNAPSHOT ; PARAMETERS[adb, shell, uiautomator, dump]
COMMAND: READ XML SNAPSHOT ; PARAMETERS[adb, shell, cat, /sdcard/window_dump.xml]
COMMAND: TAKE XML SNAPSHOT ; PARAMETERS[adb, shell, uiautomator, dump]
COMMAND: READ XML SNAPSHOT ; PARAMETERS[adb, shell, cat, /sdcard/window_dump.xml]
COMMAND: GETTING CURRENT FOCUS ; PARAMETERS[adb, shell, dumpsys, window, |, grep, -E, 'mCurrentFocus']
COMMAND: TAKE SCREENSHOT ; PARAMETERS[adb, shell, screencap, /sdcard/5.png]
COMMAND: PULL FILE ; PARAMETERS[adb, pull, /sdcard/5.png, ./output//5.png]
COMMAND: TAKE XML SNAPSHOT ; PARAMETERS[adb, shell, uiautomator, dump]
COMMAND: PULL FILE ; PARAMETERS[adb, pull, /sdcard/window_dump.xml, ./output//5.xml]
COMMAND: GETTING CURRENT FOCUS ; PARAMETERS[adb, shell, dumpsys, window, |, grep, -E, 'mCurrentFocus']
COMMAND: TAP ; PARAMETERS[adb, shell, input, tap, 810, 568]
COMMAND: TAKE XML SNAPSHOT ; PARAMETERS[adb, shell, uiautomator, dump]
COMMAND: READ XML SNAPSHOT ; PARAMETERS[adb, shell, cat, /sdcard/window_dump.xml]
COMMAND: TAKE XML SNAPSHOT ; PARAMETERS[adb, shell, uiautomator, dump]
COMMAND: READ XML SNAPSHOT ; PARAMETERS[adb, shell, cat, /sdcard/window_dump.xml]
COMMAND: GETTING CURRENT FOCUS ; PARAMETERS[adb, shell, dumpsys, window, |, grep, -E, 'mCurrentFocus']
COMMAND: TAKE SCREENSHOT ; PARAMETERS[adb, shell, screencap, /sdcard/5.png]
COMMAND: PULL FILE ; PARAMETERS[adb, pull, /sdcard/5.png, ./output//5.png]
COMMAND: TAKE XML SNAPSHOT ; PARAMETERS[adb, shell, uiautomator, dump]
COMMAND: PULL FILE ; PARAMETERS[adb, pull, /sdcard/window_dump.xml, ./output//5.xml]
COMMAND: GETTING CURRENT FOCUS ; PARAMETERS[adb, shell, dumpsys, window, |, grep, -E, 'mCurrentFocus']
COMMAND: TAP ; PARAMETERS[adb, shell, input, tap, 270, 566]
COMMAND: CHEKING IF KEYBOARD IS SHOWN ; PARAMETERS[adb, shell, dumpsys, input_method, |, grep, -A1, 'mCurrentTextBoxAttribute']
COMMAND: INPUT TEXT ; PARAMETERS[adb, shell, input, text, 18]
COMMAND: GO BACK ; PARAMETERS[adb, shell, input, keyevent, 4]
COMMAND: TAKE XML SNAPSHOT ; PARAMETERS[adb, shell, uiautomator, dump]
COMMAND: READ XML SNAPSHOT ; PARAMETERS[adb, shell, cat, /sdcard/window_dump.xml]
COMMAND: CHEKING DEVICE DIMENSIONS ; PARAMETERS[adb, shell, wm, size]
COMMAND: TAKE XML SNAPSHOT ; PARAMETERS[adb, shell, uiautomator, dump]
COMMAND: READ XML SNAPSHOT ; PARAMETERS[adb, shell, cat, /sdcard/window_dump.xml]
COMMAND: GETTING CURRENT FOCUS ; PARAMETERS[adb, shell, dumpsys, window, |, grep, -E, 'mCurrentFocus']
COMMAND: TAKE SCREENSHOT ; PARAMETERS[adb, shell, screencap, /sdcard/5.png]
COMMAND: PULL FILE ; PARAMETERS[adb, pull, /sdcard/5.png, ./output//5.png]
COMMAND: TAKE XML SNAPSHOT ; PARAMETERS[adb, shell, uiautomator, dump]
COMMAND: PULL FILE ; PARAMETERS[adb, pull, /sdcard/window_dump.xml, ./output//5.xml]
COMMAND: GETTING CURRENT FOCUS ; PARAMETERS[adb, shell, dumpsys, window, |, grep, -E, 'mCurrentFocus']
COMMAND: TAP ; PARAMETERS[adb, shell, input, tap, 540, 928]
COMMAND: CHEKING IF KEYBOARD IS SHOWN ; PARAMETERS[adb, shell, dumpsys, input_method, |, grep, -A1, 'mCurrentTextBoxAttribute']
COMMAND: INPUT TEXT ; PARAMETERS[adb, shell, input, text, Ymd]
COMMAND: GO BACK ; PARAMETERS[adb, shell, input, keyevent, 4]
COMMAND: TAKE XML SNAPSHOT ; PARAMETERS[adb, shell, uiautomator, dump]
COMMAND: READ XML SNAPSHOT ; PARAMETERS[adb, shell, cat, /sdcard/window_dump.xml]
COMMAND: CHEKING DEVICE DIMENSIONS ; PARAMETERS[adb, shell, wm, size]
COMMAND: TAKE XML SNAPSHOT ; PARAMETERS[adb, shell, uiautomator, dump]
COMMAND: READ XML SNAPSHOT ; PARAMETERS[adb, shell, cat, /sdcard/window_dump.xml]
COMMAND: GETTING CURRENT FOCUS ; PARAMETERS[adb, shell, dumpsys, window, |, grep, -E, 'mCurrentFocus']
COMMAND: TAKE SCREENSHOT ; PARAMETERS[adb, shell, screencap, /sdcard/5.png]
COMMAND: PULL FILE ; PARAMETERS[adb, pull, /sdcard/5.png, ./output//5.png]
COMMAND: TAKE XML SNAPSHOT ; PARAMETERS[adb, shell, uiautomator, dump]
COMMAND: PULL FILE ; PARAMETERS[adb, pull, /sdcard/window_dump.xml, ./output//5.xml]
COMMAND: GETTING CURRENT FOCUS ; PARAMETERS[adb, shell, dumpsys, window, |, grep, -E, 'mCurrentFocus']
COMMAND: TAP ; PARAMETERS[adb, shell, input, tap, 810, 422]
COMMAND: CHEKING IF KEYBOARD IS SHOWN ; PARAMETERS[adb, shell, dumpsys, input_method, |, grep, -A1, 'mCurrentTextBoxAttribute']
COMMAND: INPUT TEXT ; PARAMETERS[adb, shell, input, text, 6]
COMMAND: GO BACK ; PARAMETERS[adb, shell, input, keyevent, 4]
COMMAND: TAKE XML SNAPSHOT ; PARAMETERS[adb, shell, uiautomator, dump]
COMMAND: READ XML SNAPSHOT ; PARAMETERS[adb, shell, cat, /sdcard/window_dump.xml]
COMMAND: CHEKING DEVICE DIMENSIONS ; PARAMETERS[adb, shell, wm, size]
COMMAND: TAKE XML SNAPSHOT ; PARAMETERS[adb, shell, uiautomator, dump]
COMMAND: READ XML SNAPSHOT ; PARAMETERS[adb, shell, cat, /sdcard/window_dump.xml]
COMMAND: GETTING CURRENT FOCUS ; PARAMETERS[adb, shell, dumpsys, window, |, grep, -E, 'mCurrentFocus']
COMMAND: TAKE SCREENSHOT ; PARAMETERS[adb, shell, screencap, /sdcard/5.png]
COMMAND: PULL FILE ; PARAMETERS[adb, pull, /sdcard/5.png, ./output//5.png]
COMMAND: TAKE XML SNAPSHOT ; PARAMETERS[adb, shell, uiautomator, dump]
COMMAND: PULL FILE ; PARAMETERS[adb, pull, /sdcard/window_dump.xml, ./output//5.xml]
COMMAND: GETTING CURRENT FOCUS ; PARAMETERS[adb, shell, dumpsys, window, |, grep, -E, 'mCurrentFocus']
COMMAND: TAP ; PARAMETERS[adb, shell, input, tap, 540, 710]
COMMAND: TAKE XML SNAPSHOT ; PARAMETERS[adb, shell, uiautomator, dump]
COMMAND: READ XML SNAPSHOT ; PARAMETERS[adb, shell, cat, /sdcard/window_dump.xml]
COMMAND: TAKE XML SNAPSHOT ; PARAMETERS[adb, shell, uiautomator, dump]
COMMAND: READ XML SNAPSHOT ; PARAMETERS[adb, shell, cat, /sdcard/window_dump.xml]
COMMAND: GETTING CURRENT FOCUS ; PARAMETERS[adb, shell, dumpsys, window, |, grep, -E, 'mCurrentFocus']
COMMAND: TAKE SCREENSHOT ; PARAMETERS[adb, shell, screencap, /sdcard/5.png]
COMMAND: PULL FILE ; PARAMETERS[adb, pull, /sdcard/5.png, ./output//5.png]
COMMAND: TAKE XML SNAPSHOT ; PARAMETERS[adb, shell, uiautomator, dump]
COMMAND: PULL FILE ; PARAMETERS[adb, pull, /sdcard/window_dump.xml, ./output//5.xml]
COMMAND: GETTING CURRENT FOCUS ; PARAMETERS[adb, shell, dumpsys, window, |, grep, -E, 'mCurrentFocus']
COMMAND: TAP ; PARAMETERS[adb, shell, input, tap, 810, 568]
COMMAND: TAKE XML SNAPSHOT ; PARAMETERS[adb, shell, uiautomator, dump]
COMMAND: READ XML SNAPSHOT ; PARAMETERS[adb, shell, cat, /sdcard/window_dump.xml]
COMMAND: TAKE XML SNAPSHOT ; PARAMETERS[adb, shell, uiautomator, dump]
COMMAND: READ XML SNAPSHOT ; PARAMETERS[adb, shell, cat, /sdcard/window_dump.xml]
COMMAND: GETTING CURRENT FOCUS ; PARAMETERS[adb, shell, dumpsys, window, |, grep, -E, 'mCurrentFocus']
COMMAND: TAP ; PARAMETERS[adb, shell, input, tap, 306, 1145]
COMMAND: TAKE XML SNAPSHOT ; PARAMETERS[adb, shell, uiautomator, dump]
COMMAND: READ XML SNAPSHOT ; PARAMETERS[adb, shell, cat, /sdcard/window_dump.xml]
COMMAND: TAKE XML SNAPSHOT ; PARAMETERS[adb, shell, uiautomator, dump]
COMMAND: READ XML SNAPSHOT ; PARAMETERS[adb, shell, cat, /sdcard/window_dump.xml]
COMMAND: GETTING CURRENT FOCUS ; PARAMETERS[adb, shell, dumpsys, window, |, grep, -E, 'mCurrentFocus']
COMMAND: TAKE SCREENSHOT ; PARAMETERS[adb, shell, screencap, /sdcard/5.png]
COMMAND: PULL FILE ; PARAMETERS[adb, pull, /sdcard/5.png, ./output//5.png]
COMMAND: TAKE XML SNAPSHOT ; PARAMETERS[adb, shell, uiautomator, dump]
COMMAND: PULL FILE ; PARAMETERS[adb, pull, /sdcard/window_dump.xml, ./output//5.xml]
COMMAND: GETTING CURRENT FOCUS ; PARAMETERS[adb, shell, dumpsys, window, |, grep, -E, 'mCurrentFocus']
COMMAND: TAP ; PARAMETERS[adb, shell, input, tap, 270, 566]
COMMAND: CHEKING IF KEYBOARD IS SHOWN ; PARAMETERS[adb, shell, dumpsys, input_method, |, grep, -A1, 'mCurrentTextBoxAttribute']
COMMAND: INPUT TEXT ; PARAMETERS[adb, shell, input, text, 6]
COMMAND: GO BACK ; PARAMETERS[adb, shell, input, keyevent, 4]
COMMAND: TAKE XML SNAPSHOT ; PARAMETERS[adb, shell, uiautomator, dump]
COMMAND: READ XML SNAPSHOT ; PARAMETERS[adb, shell, cat, /sdcard/window_dump.xml]
COMMAND: CHEKING DEVICE DIMENSIONS ; PARAMETERS[adb, shell, wm, size]
COMMAND: TAKE XML SNAPSHOT ; PARAMETERS[adb, shell, uiautomator, dump]
COMMAND: READ XML SNAPSHOT ; PARAMETERS[adb, shell, cat, /sdcard/window_dump.xml]
COMMAND: GETTING CURRENT FOCUS ; PARAMETERS[adb, shell, dumpsys, window, |, grep, -E, 'mCurrentFocus']
COMMAND: TAKE SCREENSHOT ; PARAMETERS[adb, shell, screencap, /sdcard/5.png]
COMMAND: PULL FILE ; PARAMETERS[adb, pull, /sdcard/5.png, ./output//5.png]
COMMAND: TAKE XML SNAPSHOT ; PARAMETERS[adb, shell, uiautomator, dump]
COMMAND: PULL FILE ; PARAMETERS[adb, pull, /sdcard/window_dump.xml, ./output//5.xml]
COMMAND: GETTING CURRENT FOCUS ; PARAMETERS[adb, shell, dumpsys, window, |, grep, -E, 'mCurrentFocus']
COMMAND: TAP ; PARAMETERS[adb, shell, input, tap, 810, 422]
COMMAND: CHEKING IF KEYBOARD IS SHOWN ; PARAMETERS[adb, shell, dumpsys, input_method, |, grep, -A1, 'mCurrentTextBoxAttribute']
COMMAND: INPUT TEXT ; PARAMETERS[adb, shell, input, text, 99]
COMMAND: GO BACK ; PARAMETERS[adb, shell, input, keyevent, 4]
COMMAND: TAKE XML SNAPSHOT ; PARAMETERS[adb, shell, uiautomator, dump]
COMMAND: READ XML SNAPSHOT ; PARAMETERS[adb, shell, cat, /sdcard/window_dump.xml]
COMMAND: CHEKING DEVICE DIMENSIONS ; PARAMETERS[adb, shell, wm, size]
COMMAND: TAKE XML SNAPSHOT ; PARAMETERS[adb, shell, uiautomator, dump]
COMMAND: READ XML SNAPSHOT ; PARAMETERS[adb, shell, cat, /sdcard/window_dump.xml]
COMMAND: GETTING CURRENT FOCUS ; PARAMETERS[adb, shell, dumpsys, window, |, grep, -E, 'mCurrentFocus']
COMMAND: TAKE SCREENSHOT ; PARAMETERS[adb, shell, screencap, /sdcard/5.png]
COMMAND: PULL FILE ; PARAMETERS[adb, pull, /sdcard/5.png, ./output//5.png]
COMMAND: TAKE XML SNAPSHOT ; PARAMETERS[adb, shell, uiautomator, dump]
COMMAND: PULL FILE ; PARAMETERS[adb, pull, /sdcard/window_dump.xml, ./output//5.xml]
COMMAND: GETTING CURRENT FOCUS ; PARAMETERS[adb, shell, dumpsys, window, |, grep, -E, 'mCurrentFocus']
COMMAND: TAP ; PARAMETERS[adb, shell, input, tap, 270, 422]
COMMAND: CHEKING IF KEYBOARD IS SHOWN ; PARAMETERS[adb, shell, dumpsys, input_method, |, grep, -A1, 'mCurrentTextBoxAttribute']
COMMAND: INPUT TEXT ; PARAMETERS[adb, shell, input, text, 16]
COMMAND: GO BACK ; PARAMETERS[adb, shell, input, keyevent, 4]
COMMAND: TAKE XML SNAPSHOT ; PARAMETERS[adb, shell, uiautomator, dump]
COMMAND: READ XML SNAPSHOT ; PARAMETERS[adb, shell, cat, /sdcard/window_dump.xml]
COMMAND: CHEKING DEVICE DIMENSIONS ; PARAMETERS[adb, shell, wm, size]
COMMAND: TAKE XML SNAPSHOT ; PARAMETERS[adb, shell, uiautomator, dump]
COMMAND: READ XML SNAPSHOT ; PARAMETERS[adb, shell, cat, /sdcard/window_dump.xml]
COMMAND: GETTING CURRENT FOCUS ; PARAMETERS[adb, shell, dumpsys, window, |, grep, -E, 'mCurrentFocus']
COMMAND: TAKE SCREENSHOT ; PARAMETERS[adb, shell, screencap, /sdcard/5.png]
COMMAND: PULL FILE ; PARAMETERS[adb, pull, /sdcard/5.png, ./output//5.png]
COMMAND: TAKE XML SNAPSHOT ; PARAMETERS[adb, shell, uiautomator, dump]
COMMAND: PULL FILE ; PARAMETERS[adb, pull, /sdcard/window_dump.xml, ./output//5.xml]
COMMAND: GETTING CURRENT FOCUS ; PARAMETERS[adb, shell, dumpsys, window, |, grep, -E, 'mCurrentFocus']
COMMAND: TAP ; PARAMETERS[adb, shell, input, tap, 939, 180]
COMMAND: TAKE XML SNAPSHOT ; PARAMETERS[adb, shell, uiautomator, dump]
COMMAND: READ XML SNAPSHOT ; PARAMETERS[adb, shell, cat, /sdcard/window_dump.xml]
COMMAND: TAKE XML SNAPSHOT ; PARAMETERS[adb, shell, uiautomator, dump]
COMMAND: READ XML SNAPSHOT ; PARAMETERS[adb, shell, cat, /sdcard/window_dump.xml]
COMMAND: GETTING CURRENT FOCUS ; PARAMETERS[adb, shell, dumpsys, window, |, grep, -E, 'mCurrentFocus']
COMMAND: TAKE SCREENSHOT ; PARAMETERS[adb, shell, screencap, /sdcard/5.png]
COMMAND: PULL FILE ; PARAMETERS[adb, pull, /sdcard/5.png, ./output//5.png]
COMMAND: TAKE XML SNAPSHOT ; PARAMETERS[adb, shell, uiautomator, dump]
COMMAND: PULL FILE ; PARAMETERS[adb, pull, /sdcard/window_dump.xml, ./output//5.xml]
COMMAND: SHOW BATTERY LEVEL ; PARAMETERS[adb, shell, dumpsys, battery, |, grep, level]
COMMAND: CHEKING IF WIFI IS ENABLED ; PARAMETERS[adb, shell, dumpsys, wifi, |, grep, 'Wi-Fi is']
COMMAND: SHOW CPU USAGE ; PARAMETERS[adb, shell, dumpsys, cpuinfo, |, grep, com.evancharlton.mileage]
COMMAND: SHOW MEMORY USAGE ; PARAMETERS[adb, shell, dumpsys, meminfo, |, grep, com.evancharlton.mileage]
COMMAND: CHEKING IF AIRPLANE MODE IS ON ; PARAMETERS[adb, shell, dumpsys, wifi, |, grep, 'mAirplaneModeOn']
COMMAND: TAP ; PARAMETERS[adb, shell, input, tap, 939, 180]
COMMAND: TAKE XML SNAPSHOT ; PARAMETERS[adb, shell, uiautomator, dump]
COMMAND: READ XML SNAPSHOT ; PARAMETERS[adb, shell, cat, /sdcard/window_dump.xml]
COMMAND: TAP ; PARAMETERS[adb, shell, input, tap, 673, 180]
COMMAND: TAKE XML SNAPSHOT ; PARAMETERS[adb, shell, uiautomator, dump]
COMMAND: READ XML SNAPSHOT ; PARAMETERS[adb, shell, cat, /sdcard/window_dump.xml]
COMMAND: TAKE XML SNAPSHOT ; PARAMETERS[adb, shell, uiautomator, dump]
COMMAND: READ XML SNAPSHOT ; PARAMETERS[adb, shell, cat, /sdcard/window_dump.xml]
COMMAND: GETTING CURRENT FOCUS ; PARAMETERS[adb, shell, dumpsys, window, |, grep, -E, 'mCurrentFocus']
COMMAND: TAKE SCREENSHOT ; PARAMETERS[adb, shell, screencap, /sdcard/6.png]
COMMAND: PULL FILE ; PARAMETERS[adb, pull, /sdcard/6.png, ./output//6.png]
COMMAND: TAKE XML SNAPSHOT ; PARAMETERS[adb, shell, uiautomator, dump]
COMMAND: PULL FILE ; PARAMETERS[adb, pull, /sdcard/window_dump.xml, ./output//6.xml]
COMMAND: SHOW BATTERY LEVEL ; PARAMETERS[adb, shell, dumpsys, battery, |, grep, level]
COMMAND: CHEKING IF WIFI IS ENABLED ; PARAMETERS[adb, shell, dumpsys, wifi, |, grep, 'Wi-Fi is']
COMMAND: SHOW CPU USAGE ; PARAMETERS[adb, shell, dumpsys, cpuinfo, |, grep, com.evancharlton.mileage]
COMMAND: SHOW MEMORY USAGE ; PARAMETERS[adb, shell, dumpsys, meminfo, |, grep, com.evancharlton.mileage]
COMMAND: CHEKING IF AIRPLANE MODE IS ON ; PARAMETERS[adb, shell, dumpsys, wifi, |, grep, 'mAirplaneModeOn']
COMMAND: SCROLL ; PARAMETERS[adb, shell, input, swipe, 720, 1184, 720, 276, 1000]
COMMAND: TAKE XML SNAPSHOT ; PARAMETERS[adb, shell, uiautomator, dump]
COMMAND: READ XML SNAPSHOT ; PARAMETERS[adb, shell, cat, /sdcard/window_dump.xml]
COMMAND: TAKE XML SNAPSHOT ; PARAMETERS[adb, shell, uiautomator, dump]
COMMAND: READ XML SNAPSHOT ; PARAMETERS[adb, shell, cat, /sdcard/window_dump.xml]
COMMAND: GETTING CURRENT FOCUS ; PARAMETERS[adb, shell, dumpsys, window, |, grep, -E, 'mCurrentFocus']
COMMAND: TAKE SCREENSHOT ; PARAMETERS[adb, shell, screencap, /sdcard/7.png]
COMMAND: PULL FILE ; PARAMETERS[adb, pull, /sdcard/7.png, ./output//7.png]
COMMAND: TAKE XML SNAPSHOT ; PARAMETERS[adb, shell, uiautomator, dump]
COMMAND: PULL FILE ; PARAMETERS[adb, pull, /sdcard/window_dump.xml, ./output//7.xml]
COMMAND: SHOW BATTERY LEVEL ; PARAMETERS[adb, shell, dumpsys, battery, |, grep, level]
COMMAND: CHEKING IF WIFI IS ENABLED ; PARAMETERS[adb, shell, dumpsys, wifi, |, grep, 'Wi-Fi is']
COMMAND: SHOW CPU USAGE ; PARAMETERS[adb, shell, dumpsys, cpuinfo, |, grep, com.evancharlton.mileage]
COMMAND: SHOW MEMORY USAGE ; PARAMETERS[adb, shell, dumpsys, meminfo, |, grep, com.evancharlton.mileage]
COMMAND: CHEKING IF AIRPLANE MODE IS ON ; PARAMETERS[adb, shell, dumpsys, wifi, |, grep, 'mAirplaneModeOn']
COMMAND: SCROLL ; PARAMETERS[adb, shell, input, swipe, 720, 1184, 720, 276, 1000]
COMMAND: TAKE XML SNAPSHOT ; PARAMETERS[adb, shell, uiautomator, dump]
COMMAND: READ XML SNAPSHOT ; PARAMETERS[adb, shell, cat, /sdcard/window_dump.xml]
COMMAND: TAKE XML SNAPSHOT ; PARAMETERS[adb, shell, uiautomator, dump]
COMMAND: READ XML SNAPSHOT ; PARAMETERS[adb, shell, cat, /sdcard/window_dump.xml]
COMMAND: GETTING CURRENT FOCUS ; PARAMETERS[adb, shell, dumpsys, window, |, grep, -E, 'mCurrentFocus']
COMMAND: TAKE SCREENSHOT ; PARAMETERS[adb, shell, screencap, /sdcard/8.png]
COMMAND: PULL FILE ; PARAMETERS[adb, pull, /sdcard/8.png, ./output//8.png]
COMMAND: TAKE XML SNAPSHOT ; PARAMETERS[adb, shell, uiautomator, dump]
COMMAND: PULL FILE ; PARAMETERS[adb, pull, /sdcard/window_dump.xml, ./output//8.xml]
COMMAND: SHOW BATTERY LEVEL ; PARAMETERS[adb, shell, dumpsys, battery, |, grep, level]
COMMAND: CHEKING IF WIFI IS ENABLED ; PARAMETERS[adb, shell, dumpsys, wifi, |, grep, 'Wi-Fi is']
COMMAND: SHOW CPU USAGE ; PARAMETERS[adb, shell, dumpsys, cpuinfo, |, grep, com.evancharlton.mileage]
COMMAND: SHOW MEMORY USAGE ; PARAMETERS[adb, shell, dumpsys, meminfo, |, grep, com.evancharlton.mileage]
COMMAND: CHEKING IF AIRPLANE MODE IS ON ; PARAMETERS[adb, shell, dumpsys, wifi, |, grep, 'mAirplaneModeOn']
COMMAND: SCROLL ; PARAMETERS[adb, shell, input, swipe, 720, 1184, 720, 276, 1000]
COMMAND: TAKE XML SNAPSHOT ; PARAMETERS[adb, shell, uiautomator, dump]
COMMAND: READ XML SNAPSHOT ; PARAMETERS[adb, shell, cat, /sdcard/window_dump.xml]
COMMAND: TAP ; PARAMETERS[adb, shell, input, tap, 939, 180]
COMMAND: TAKE XML SNAPSHOT ; PARAMETERS[adb, shell, uiautomator, dump]
COMMAND: READ XML SNAPSHOT ; PARAMETERS[adb, shell, cat, /sdcard/window_dump.xml]
COMMAND: TAKE XML SNAPSHOT ; PARAMETERS[adb, shell, uiautomator, dump]
COMMAND: READ XML SNAPSHOT ; PARAMETERS[adb, shell, cat, /sdcard/window_dump.xml]
COMMAND: GETTING CURRENT FOCUS ; PARAMETERS[adb, shell, dumpsys, window, |, grep, -E, 'mCurrentFocus']
COMMAND: TAP ; PARAMETERS[adb, shell, input, tap, 405, 180]
COMMAND: TAKE XML SNAPSHOT ; PARAMETERS[adb, shell, uiautomator, dump]
COMMAND: READ XML SNAPSHOT ; PARAMETERS[adb, shell, cat, /sdcard/window_dump.xml]
COMMAND: TAKE XML SNAPSHOT ; PARAMETERS[adb, shell, uiautomator, dump]
COMMAND: READ XML SNAPSHOT ; PARAMETERS[adb, shell, cat, /sdcard/window_dump.xml]
COMMAND: GETTING CURRENT FOCUS ; PARAMETERS[adb, shell, dumpsys, window, |, grep, -E, 'mCurrentFocus']
COMMAND: TAKE SCREENSHOT ; PARAMETERS[adb, shell, screencap, /sdcard/9.png]
COMMAND: PULL FILE ; PARAMETERS[adb, pull, /sdcard/9.png, ./output//9.png]
COMMAND: TAKE XML SNAPSHOT ; PARAMETERS[adb, shell, uiautomator, dump]
COMMAND: PULL FILE ; PARAMETERS[adb, pull, /sdcard/window_dump.xml, ./output//9.xml]
COMMAND: SHOW BATTERY LEVEL ; PARAMETERS[adb, shell, dumpsys, battery, |, grep, level]
COMMAND: CHEKING IF WIFI IS ENABLED ; PARAMETERS[adb, shell, dumpsys, wifi, |, grep, 'Wi-Fi is']
COMMAND: SHOW CPU USAGE ; PARAMETERS[adb, shell, dumpsys, cpuinfo, |, grep, com.evancharlton.mileage]
COMMAND: SHOW MEMORY USAGE ; PARAMETERS[adb, shell, dumpsys, meminfo, |, grep, com.evancharlton.mileage]
COMMAND: CHEKING IF AIRPLANE MODE IS ON ; PARAMETERS[adb, shell, dumpsys, wifi, |, grep, 'mAirplaneModeOn']
COMMAND: TAP ; PARAMETERS[adb, shell, input, tap, 939, 180]
COMMAND: TAKE XML SNAPSHOT ; PARAMETERS[adb, shell, uiautomator, dump]
COMMAND: READ XML SNAPSHOT ; PARAMETERS[adb, shell, cat, /sdcard/window_dump.xml]
COMMAND: TAKE XML SNAPSHOT ; PARAMETERS[adb, shell, uiautomator, dump]
COMMAND: READ XML SNAPSHOT ; PARAMETERS[adb, shell, cat, /sdcard/window_dump.xml]
COMMAND: GETTING CURRENT FOCUS ; PARAMETERS[adb, shell, dumpsys, window, |, grep, -E, 'mCurrentFocus']
COMMAND: TAP ; PARAMETERS[adb, shell, input, tap, 140, 180]
COMMAND: TAKE XML SNAPSHOT ; PARAMETERS[adb, shell, uiautomator, dump]
COMMAND: READ XML SNAPSHOT ; PARAMETERS[adb, shell, cat, /sdcard/window_dump.xml]
COMMAND: TAKE XML SNAPSHOT ; PARAMETERS[adb, shell, uiautomator, dump]
COMMAND: READ XML SNAPSHOT ; PARAMETERS[adb, shell, cat, /sdcard/window_dump.xml]
COMMAND: GETTING CURRENT FOCUS ; PARAMETERS[adb, shell, dumpsys, window, |, grep, -E, 'mCurrentFocus']
COMMAND: TAKE SCREENSHOT ; PARAMETERS[adb, shell, screencap, /sdcard/10.png]
COMMAND: PULL FILE ; PARAMETERS[adb, pull, /sdcard/10.png, ./output//10.png]
COMMAND: TAKE XML SNAPSHOT ; PARAMETERS[adb, shell, uiautomator, dump]
COMMAND: PULL FILE ; PARAMETERS[adb, pull, /sdcard/window_dump.xml, ./output//10.xml]
COMMAND: GETTING CURRENT FOCUS ; PARAMETERS[adb, shell, dumpsys, window, |, grep, -E, 'mCurrentFocus']
COMMAND: TAP ; PARAMETERS[adb, shell, input, tap, 673, 180]
COMMAND: TAKE XML SNAPSHOT ; PARAMETERS[adb, shell, uiautomator, dump]
COMMAND: READ XML SNAPSHOT ; PARAMETERS[adb, shell, cat, /sdcard/window_dump.xml]
COMMAND: TAKE XML SNAPSHOT ; PARAMETERS[adb, shell, uiautomator, dump]
COMMAND: READ XML SNAPSHOT ; PARAMETERS[adb, shell, cat, /sdcard/window_dump.xml]
COMMAND: GETTING CURRENT FOCUS ; PARAMETERS[adb, shell, dumpsys, window, |, grep, -E, 'mCurrentFocus']
COMMAND: TAP ; PARAMETERS[adb, shell, input, tap, 939, 180]
COMMAND: TAKE XML SNAPSHOT ; PARAMETERS[adb, shell, uiautomator, dump]
COMMAND: READ XML SNAPSHOT ; PARAMETERS[adb, shell, cat, /sdcard/window_dump.xml]
COMMAND: TAKE XML SNAPSHOT ; PARAMETERS[adb, shell, uiautomator, dump]
COMMAND: READ XML SNAPSHOT ; PARAMETERS[adb, shell, cat, /sdcard/window_dump.xml]
COMMAND: GETTING CURRENT FOCUS ; PARAMETERS[adb, shell, dumpsys, window, |, grep, -E, 'mCurrentFocus']
COMMAND: GO BACK ; PARAMETERS[adb, shell, input, keyevent, 4]
COMMAND: TAKE XML SNAPSHOT ; PARAMETERS[adb, shell, uiautomator, dump]
COMMAND: READ XML SNAPSHOT ; PARAMETERS[adb, shell, cat, /sdcard/window_dump.xml]
COMMAND: CHEKING DEVICE DIMENSIONS ; PARAMETERS[adb, shell, wm, size]
COMMAND: TAKE XML SNAPSHOT ; PARAMETERS[adb, shell, uiautomator, dump]
COMMAND: READ XML SNAPSHOT ; PARAMETERS[adb, shell, cat, /sdcard/window_dump.xml]
COMMAND: GETTING CURRENT FOCUS ; PARAMETERS[adb, shell, dumpsys, window, |, grep, -E, 'mCurrentFocus']
COMMAND: TAKE SCREENSHOT ; PARAMETERS[adb, shell, screencap, /sdcard/10.png]
COMMAND: PULL FILE ; PARAMETERS[adb, pull, /sdcard/10.png, ./output//10.png]
COMMAND: TAKE XML SNAPSHOT ; PARAMETERS[adb, shell, uiautomator, dump]
COMMAND: PULL FILE ; PARAMETERS[adb, pull, /sdcard/window_dump.xml, ./output//10.xml]
COMMAND: GO BACK ; PARAMETERS[adb, shell, input, keyevent, 4]
COMMAND: GETTING CURRENT FOCUS ; PARAMETERS[adb, shell, dumpsys, window, |, grep, -E, 'mCurrentFocus']
COMMAND: CHEKING DEVICE DIMENSIONS ; PARAMETERS[adb, shell, wm, size]
COMMAND: CHECKING ANDROID VERSION ; PARAMETERS[adb, shell, getprop, ro.build.version.release]
COMMAND: GET DEVICE RESOLUTION ; PARAMETERS[adb, shell, wm, density]
COMMAND: GET CURRENT ORIENTATION ; PARAMETERS[adb, shell, dumpsys, input, |, grep, 'SurfaceOrientation']
COMMAND: CHEKING DEVICE DIMENSIONS ; PARAMETERS[adb, shell, wm, size]
